<?xml version="1.0" encoding="UTF-8"?>
<testsuite xmlns:xsi="http://www.w3.org/2001/XMLSchema-instance" xsi:noNamespaceSchemaLocation="https://maven.apache.org/surefire/maven-surefire-plugin/xsd/surefire-test-report.xsd" name="mflix.lessons.ChangeStreams" time="17.197" tests="8" errors="8" skipped="0" failures="0">
  <properties>
    <property name="java.specification.version" value="14"/>
    <property name="sun.jnu.encoding" value="UTF-8"/>
    <property name="java.class.path" value="/Users/niteshnidarshan/git_repository/mongo_java/mflix-java/mflix/target/test-classes:/Users/niteshnidarshan/git_repository/mongo_java/mflix-java/mflix/target/classes:/Users/niteshnidarshan/.m2/repository/org/springframework/boot/spring-boot-starter-web/2.0.3.RELEASE/spring-boot-starter-web-2.0.3.RELEASE.jar:/Users/niteshnidarshan/.m2/repository/org/springframework/boot/spring-boot-starter/2.0.3.RELEASE/spring-boot-starter-2.0.3.RELEASE.jar:/Users/niteshnidarshan/.m2/repository/org/springframework/boot/spring-boot-starter-logging/2.0.3.RELEASE/spring-boot-starter-logging-2.0.3.RELEASE.jar:/Users/niteshnidarshan/.m2/repository/ch/qos/logback/logback-classic/1.2.3/logback-classic-1.2.3.jar:/Users/niteshnidarshan/.m2/repository/ch/qos/logback/logback-core/1.2.3/logback-core-1.2.3.jar:/Users/niteshnidarshan/.m2/repository/org/apache/logging/log4j/log4j-to-slf4j/2.10.0/log4j-to-slf4j-2.10.0.jar:/Users/niteshnidarshan/.m2/repository/org/apache/logging/log4j/log4j-api/2.10.0/log4j-api-2.10.0.jar:/Users/niteshnidarshan/.m2/repository/org/slf4j/jul-to-slf4j/1.7.25/jul-to-slf4j-1.7.25.jar:/Users/niteshnidarshan/.m2/repository/javax/annotation/javax.annotation-api/1.3.2/javax.annotation-api-1.3.2.jar:/Users/niteshnidarshan/.m2/repository/org/yaml/snakeyaml/1.19/snakeyaml-1.19.jar:/Users/niteshnidarshan/.m2/repository/org/springframework/boot/spring-boot-starter-json/2.0.3.RELEASE/spring-boot-starter-json-2.0.3.RELEASE.jar:/Users/niteshnidarshan/.m2/repository/com/fasterxml/jackson/datatype/jackson-datatype-jdk8/2.9.6/jackson-datatype-jdk8-2.9.6.jar:/Users/niteshnidarshan/.m2/repository/com/fasterxml/jackson/datatype/jackson-datatype-jsr310/2.9.6/jackson-datatype-jsr310-2.9.6.jar:/Users/niteshnidarshan/.m2/repository/com/fasterxml/jackson/module/jackson-module-parameter-names/2.9.6/jackson-module-parameter-names-2.9.6.jar:/Users/niteshnidarshan/.m2/repository/org/springframework/boot/spring-boot-starter-tomcat/2.0.3.RELEASE/spring-boot-starter-tomcat-2.0.3.RELEASE.jar:/Users/niteshnidarshan/.m2/repository/org/apache/tomcat/embed/tomcat-embed-core/8.5.31/tomcat-embed-core-8.5.31.jar:/Users/niteshnidarshan/.m2/repository/org/apache/tomcat/embed/tomcat-embed-el/8.5.31/tomcat-embed-el-8.5.31.jar:/Users/niteshnidarshan/.m2/repository/org/apache/tomcat/embed/tomcat-embed-websocket/8.5.31/tomcat-embed-websocket-8.5.31.jar:/Users/niteshnidarshan/.m2/repository/org/hibernate/validator/hibernate-validator/6.0.10.Final/hibernate-validator-6.0.10.Final.jar:/Users/niteshnidarshan/.m2/repository/javax/validation/validation-api/2.0.1.Final/validation-api-2.0.1.Final.jar:/Users/niteshnidarshan/.m2/repository/org/jboss/logging/jboss-logging/3.3.2.Final/jboss-logging-3.3.2.Final.jar:/Users/niteshnidarshan/.m2/repository/com/fasterxml/classmate/1.3.4/classmate-1.3.4.jar:/Users/niteshnidarshan/.m2/repository/org/springframework/spring-webmvc/5.0.7.RELEASE/spring-webmvc-5.0.7.RELEASE.jar:/Users/niteshnidarshan/.m2/repository/org/springframework/boot/spring-boot-starter-test/2.0.3.RELEASE/spring-boot-starter-test-2.0.3.RELEASE.jar:/Users/niteshnidarshan/.m2/repository/org/springframework/boot/spring-boot-test/2.0.3.RELEASE/spring-boot-test-2.0.3.RELEASE.jar:/Users/niteshnidarshan/.m2/repository/org/springframework/boot/spring-boot-test-autoconfigure/2.0.3.RELEASE/spring-boot-test-autoconfigure-2.0.3.RELEASE.jar:/Users/niteshnidarshan/.m2/repository/com/jayway/jsonpath/json-path/2.4.0/json-path-2.4.0.jar:/Users/niteshnidarshan/.m2/repository/net/minidev/json-smart/2.3/json-smart-2.3.jar:/Users/niteshnidarshan/.m2/repository/net/minidev/accessors-smart/1.2/accessors-smart-1.2.jar:/Users/niteshnidarshan/.m2/repository/org/ow2/asm/asm/5.0.4/asm-5.0.4.jar:/Users/niteshnidarshan/.m2/repository/org/slf4j/slf4j-api/1.7.25/slf4j-api-1.7.25.jar:/Users/niteshnidarshan/.m2/repository/junit/junit/4.12/junit-4.12.jar:/Users/niteshnidarshan/.m2/repository/org/assertj/assertj-core/3.9.1/assertj-core-3.9.1.jar:/Users/niteshnidarshan/.m2/repository/org/mockito/mockito-core/2.15.0/mockito-core-2.15.0.jar:/Users/niteshnidarshan/.m2/repository/net/bytebuddy/byte-buddy/1.7.9/byte-buddy-1.7.9.jar:/Users/niteshnidarshan/.m2/repository/net/bytebuddy/byte-buddy-agent/1.7.9/byte-buddy-agent-1.7.9.jar:/Users/niteshnidarshan/.m2/repository/org/objenesis/objenesis/2.6/objenesis-2.6.jar:/Users/niteshnidarshan/.m2/repository/org/hamcrest/hamcrest-core/1.3/hamcrest-core-1.3.jar:/Users/niteshnidarshan/.m2/repository/org/hamcrest/hamcrest-library/1.3/hamcrest-library-1.3.jar:/Users/niteshnidarshan/.m2/repository/org/skyscreamer/jsonassert/1.5.0/jsonassert-1.5.0.jar:/Users/niteshnidarshan/.m2/repository/com/vaadin/external/google/android-json/0.0.20131108.vaadin1/android-json-0.0.20131108.vaadin1.jar:/Users/niteshnidarshan/.m2/repository/org/springframework/spring-test/5.0.7.RELEASE/spring-test-5.0.7.RELEASE.jar:/Users/niteshnidarshan/.m2/repository/org/xmlunit/xmlunit-core/2.5.1/xmlunit-core-2.5.1.jar:/Users/niteshnidarshan/.m2/repository/org/springframework/boot/spring-boot-starter-security/2.0.4.RELEASE/spring-boot-starter-security-2.0.4.RELEASE.jar:/Users/niteshnidarshan/.m2/repository/org/springframework/spring-aop/5.0.8.RELEASE/spring-aop-5.0.8.RELEASE.jar:/Users/niteshnidarshan/.m2/repository/org/springframework/security/spring-security-config/5.0.7.RELEASE/spring-security-config-5.0.7.RELEASE.jar:/Users/niteshnidarshan/.m2/repository/org/springframework/security/spring-security-core/5.0.7.RELEASE/spring-security-core-5.0.7.RELEASE.jar:/Users/niteshnidarshan/.m2/repository/org/springframework/security/spring-security-web/5.0.7.RELEASE/spring-security-web-5.0.7.RELEASE.jar:/Users/niteshnidarshan/.m2/repository/org/springframework/boot/spring-boot/2.0.4.RELEASE/spring-boot-2.0.4.RELEASE.jar:/Users/niteshnidarshan/.m2/repository/org/springframework/spring-context/5.0.7.RELEASE/spring-context-5.0.7.RELEASE.jar:/Users/niteshnidarshan/.m2/repository/org/springframework/spring-beans/5.0.7.RELEASE/spring-beans-5.0.7.RELEASE.jar:/Users/niteshnidarshan/.m2/repository/org/springframework/spring-expression/5.0.7.RELEASE/spring-expression-5.0.7.RELEASE.jar:/Users/niteshnidarshan/.m2/repository/org/springframework/spring-core/5.0.7.RELEASE/spring-core-5.0.7.RELEASE.jar:/Users/niteshnidarshan/.m2/repository/org/springframework/spring-jcl/5.0.7.RELEASE/spring-jcl-5.0.7.RELEASE.jar:/Users/niteshnidarshan/.m2/repository/org/springframework/boot/spring-boot-autoconfigure/2.0.3.RELEASE/spring-boot-autoconfigure-2.0.3.RELEASE.jar:/Users/niteshnidarshan/.m2/repository/org/springframework/spring-web/5.0.7.RELEASE/spring-web-5.0.7.RELEASE.jar:/Users/niteshnidarshan/.m2/repository/io/jsonwebtoken/jjwt/0.9.1/jjwt-0.9.1.jar:/Users/niteshnidarshan/.m2/repository/com/fasterxml/jackson/core/jackson-databind/2.9.6/jackson-databind-2.9.6.jar:/Users/niteshnidarshan/.m2/repository/com/fasterxml/jackson/core/jackson-annotations/2.9.0/jackson-annotations-2.9.0.jar:/Users/niteshnidarshan/.m2/repository/com/fasterxml/jackson/core/jackson-core/2.9.6/jackson-core-2.9.6.jar:/Users/niteshnidarshan/.m2/repository/org/junit/jupiter/junit-jupiter-api/5.1.0/junit-jupiter-api-5.1.0.jar:/Users/niteshnidarshan/.m2/repository/org/apiguardian/apiguardian-api/1.0.0/apiguardian-api-1.0.0.jar:/Users/niteshnidarshan/.m2/repository/org/opentest4j/opentest4j/1.0.0/opentest4j-1.0.0.jar:/Users/niteshnidarshan/.m2/repository/org/junit/platform/junit-platform-commons/1.1.0/junit-platform-commons-1.1.0.jar:/Users/niteshnidarshan/.m2/repository/org/mongodb/mongodb-driver-sync/3.9.1/mongodb-driver-sync-3.9.1.jar:/Users/niteshnidarshan/.m2/repository/org/mongodb/bson/3.9.1/bson-3.9.1.jar:/Users/niteshnidarshan/.m2/repository/org/mongodb/mongodb-driver-core/3.9.1/mongodb-driver-core-3.9.1.jar:"/>
    <property name="java.vm.vendor" value="Oracle Corporation"/>
    <property name="sun.arch.data.model" value="64"/>
    <property name="java.vendor.url" value="https://openjdk.java.net/"/>
    <property name="os.name" value="Mac OS X"/>
    <property name="java.vm.specification.version" value="14"/>
    <property name="sun.java.launcher" value="SUN_STANDARD"/>
    <property name="user.country" value="IN"/>
    <property name="sun.boot.library.path" value="/usr/local/Cellar/openjdk/14.0.1/libexec/openjdk.jdk/Contents/Home/lib"/>
    <property name="sun.java.command" value="/Users/niteshnidarshan/git_repository/mongo_java/mflix-java/mflix/target/surefire/surefirebooter12051265126903296304.jar /Users/niteshnidarshan/git_repository/mongo_java/mflix-java/mflix/target/surefire 2020-08-16T14-10-02_697-jvmRun1 surefire8115193089700719799tmp surefire_05749610543833362915tmp"/>
    <property name="http.nonProxyHosts" value="local|*.local|169.254/16|*.169.254/16"/>
    <property name="jdk.debug" value="release"/>
    <property name="test" value="ChangeStreams"/>
    <property name="surefire.test.class.path" value="/Users/niteshnidarshan/git_repository/mongo_java/mflix-java/mflix/target/test-classes:/Users/niteshnidarshan/git_repository/mongo_java/mflix-java/mflix/target/classes:/Users/niteshnidarshan/.m2/repository/org/springframework/boot/spring-boot-starter-web/2.0.3.RELEASE/spring-boot-starter-web-2.0.3.RELEASE.jar:/Users/niteshnidarshan/.m2/repository/org/springframework/boot/spring-boot-starter/2.0.3.RELEASE/spring-boot-starter-2.0.3.RELEASE.jar:/Users/niteshnidarshan/.m2/repository/org/springframework/boot/spring-boot-starter-logging/2.0.3.RELEASE/spring-boot-starter-logging-2.0.3.RELEASE.jar:/Users/niteshnidarshan/.m2/repository/ch/qos/logback/logback-classic/1.2.3/logback-classic-1.2.3.jar:/Users/niteshnidarshan/.m2/repository/ch/qos/logback/logback-core/1.2.3/logback-core-1.2.3.jar:/Users/niteshnidarshan/.m2/repository/org/apache/logging/log4j/log4j-to-slf4j/2.10.0/log4j-to-slf4j-2.10.0.jar:/Users/niteshnidarshan/.m2/repository/org/apache/logging/log4j/log4j-api/2.10.0/log4j-api-2.10.0.jar:/Users/niteshnidarshan/.m2/repository/org/slf4j/jul-to-slf4j/1.7.25/jul-to-slf4j-1.7.25.jar:/Users/niteshnidarshan/.m2/repository/javax/annotation/javax.annotation-api/1.3.2/javax.annotation-api-1.3.2.jar:/Users/niteshnidarshan/.m2/repository/org/yaml/snakeyaml/1.19/snakeyaml-1.19.jar:/Users/niteshnidarshan/.m2/repository/org/springframework/boot/spring-boot-starter-json/2.0.3.RELEASE/spring-boot-starter-json-2.0.3.RELEASE.jar:/Users/niteshnidarshan/.m2/repository/com/fasterxml/jackson/datatype/jackson-datatype-jdk8/2.9.6/jackson-datatype-jdk8-2.9.6.jar:/Users/niteshnidarshan/.m2/repository/com/fasterxml/jackson/datatype/jackson-datatype-jsr310/2.9.6/jackson-datatype-jsr310-2.9.6.jar:/Users/niteshnidarshan/.m2/repository/com/fasterxml/jackson/module/jackson-module-parameter-names/2.9.6/jackson-module-parameter-names-2.9.6.jar:/Users/niteshnidarshan/.m2/repository/org/springframework/boot/spring-boot-starter-tomcat/2.0.3.RELEASE/spring-boot-starter-tomcat-2.0.3.RELEASE.jar:/Users/niteshnidarshan/.m2/repository/org/apache/tomcat/embed/tomcat-embed-core/8.5.31/tomcat-embed-core-8.5.31.jar:/Users/niteshnidarshan/.m2/repository/org/apache/tomcat/embed/tomcat-embed-el/8.5.31/tomcat-embed-el-8.5.31.jar:/Users/niteshnidarshan/.m2/repository/org/apache/tomcat/embed/tomcat-embed-websocket/8.5.31/tomcat-embed-websocket-8.5.31.jar:/Users/niteshnidarshan/.m2/repository/org/hibernate/validator/hibernate-validator/6.0.10.Final/hibernate-validator-6.0.10.Final.jar:/Users/niteshnidarshan/.m2/repository/javax/validation/validation-api/2.0.1.Final/validation-api-2.0.1.Final.jar:/Users/niteshnidarshan/.m2/repository/org/jboss/logging/jboss-logging/3.3.2.Final/jboss-logging-3.3.2.Final.jar:/Users/niteshnidarshan/.m2/repository/com/fasterxml/classmate/1.3.4/classmate-1.3.4.jar:/Users/niteshnidarshan/.m2/repository/org/springframework/spring-webmvc/5.0.7.RELEASE/spring-webmvc-5.0.7.RELEASE.jar:/Users/niteshnidarshan/.m2/repository/org/springframework/boot/spring-boot-starter-test/2.0.3.RELEASE/spring-boot-starter-test-2.0.3.RELEASE.jar:/Users/niteshnidarshan/.m2/repository/org/springframework/boot/spring-boot-test/2.0.3.RELEASE/spring-boot-test-2.0.3.RELEASE.jar:/Users/niteshnidarshan/.m2/repository/org/springframework/boot/spring-boot-test-autoconfigure/2.0.3.RELEASE/spring-boot-test-autoconfigure-2.0.3.RELEASE.jar:/Users/niteshnidarshan/.m2/repository/com/jayway/jsonpath/json-path/2.4.0/json-path-2.4.0.jar:/Users/niteshnidarshan/.m2/repository/net/minidev/json-smart/2.3/json-smart-2.3.jar:/Users/niteshnidarshan/.m2/repository/net/minidev/accessors-smart/1.2/accessors-smart-1.2.jar:/Users/niteshnidarshan/.m2/repository/org/ow2/asm/asm/5.0.4/asm-5.0.4.jar:/Users/niteshnidarshan/.m2/repository/org/slf4j/slf4j-api/1.7.25/slf4j-api-1.7.25.jar:/Users/niteshnidarshan/.m2/repository/junit/junit/4.12/junit-4.12.jar:/Users/niteshnidarshan/.m2/repository/org/assertj/assertj-core/3.9.1/assertj-core-3.9.1.jar:/Users/niteshnidarshan/.m2/repository/org/mockito/mockito-core/2.15.0/mockito-core-2.15.0.jar:/Users/niteshnidarshan/.m2/repository/net/bytebuddy/byte-buddy/1.7.9/byte-buddy-1.7.9.jar:/Users/niteshnidarshan/.m2/repository/net/bytebuddy/byte-buddy-agent/1.7.9/byte-buddy-agent-1.7.9.jar:/Users/niteshnidarshan/.m2/repository/org/objenesis/objenesis/2.6/objenesis-2.6.jar:/Users/niteshnidarshan/.m2/repository/org/hamcrest/hamcrest-core/1.3/hamcrest-core-1.3.jar:/Users/niteshnidarshan/.m2/repository/org/hamcrest/hamcrest-library/1.3/hamcrest-library-1.3.jar:/Users/niteshnidarshan/.m2/repository/org/skyscreamer/jsonassert/1.5.0/jsonassert-1.5.0.jar:/Users/niteshnidarshan/.m2/repository/com/vaadin/external/google/android-json/0.0.20131108.vaadin1/android-json-0.0.20131108.vaadin1.jar:/Users/niteshnidarshan/.m2/repository/org/springframework/spring-test/5.0.7.RELEASE/spring-test-5.0.7.RELEASE.jar:/Users/niteshnidarshan/.m2/repository/org/xmlunit/xmlunit-core/2.5.1/xmlunit-core-2.5.1.jar:/Users/niteshnidarshan/.m2/repository/org/springframework/boot/spring-boot-starter-security/2.0.4.RELEASE/spring-boot-starter-security-2.0.4.RELEASE.jar:/Users/niteshnidarshan/.m2/repository/org/springframework/spring-aop/5.0.8.RELEASE/spring-aop-5.0.8.RELEASE.jar:/Users/niteshnidarshan/.m2/repository/org/springframework/security/spring-security-config/5.0.7.RELEASE/spring-security-config-5.0.7.RELEASE.jar:/Users/niteshnidarshan/.m2/repository/org/springframework/security/spring-security-core/5.0.7.RELEASE/spring-security-core-5.0.7.RELEASE.jar:/Users/niteshnidarshan/.m2/repository/org/springframework/security/spring-security-web/5.0.7.RELEASE/spring-security-web-5.0.7.RELEASE.jar:/Users/niteshnidarshan/.m2/repository/org/springframework/boot/spring-boot/2.0.4.RELEASE/spring-boot-2.0.4.RELEASE.jar:/Users/niteshnidarshan/.m2/repository/org/springframework/spring-context/5.0.7.RELEASE/spring-context-5.0.7.RELEASE.jar:/Users/niteshnidarshan/.m2/repository/org/springframework/spring-beans/5.0.7.RELEASE/spring-beans-5.0.7.RELEASE.jar:/Users/niteshnidarshan/.m2/repository/org/springframework/spring-expression/5.0.7.RELEASE/spring-expression-5.0.7.RELEASE.jar:/Users/niteshnidarshan/.m2/repository/org/springframework/spring-core/5.0.7.RELEASE/spring-core-5.0.7.RELEASE.jar:/Users/niteshnidarshan/.m2/repository/org/springframework/spring-jcl/5.0.7.RELEASE/spring-jcl-5.0.7.RELEASE.jar:/Users/niteshnidarshan/.m2/repository/org/springframework/boot/spring-boot-autoconfigure/2.0.3.RELEASE/spring-boot-autoconfigure-2.0.3.RELEASE.jar:/Users/niteshnidarshan/.m2/repository/org/springframework/spring-web/5.0.7.RELEASE/spring-web-5.0.7.RELEASE.jar:/Users/niteshnidarshan/.m2/repository/io/jsonwebtoken/jjwt/0.9.1/jjwt-0.9.1.jar:/Users/niteshnidarshan/.m2/repository/com/fasterxml/jackson/core/jackson-databind/2.9.6/jackson-databind-2.9.6.jar:/Users/niteshnidarshan/.m2/repository/com/fasterxml/jackson/core/jackson-annotations/2.9.0/jackson-annotations-2.9.0.jar:/Users/niteshnidarshan/.m2/repository/com/fasterxml/jackson/core/jackson-core/2.9.6/jackson-core-2.9.6.jar:/Users/niteshnidarshan/.m2/repository/org/junit/jupiter/junit-jupiter-api/5.1.0/junit-jupiter-api-5.1.0.jar:/Users/niteshnidarshan/.m2/repository/org/apiguardian/apiguardian-api/1.0.0/apiguardian-api-1.0.0.jar:/Users/niteshnidarshan/.m2/repository/org/opentest4j/opentest4j/1.0.0/opentest4j-1.0.0.jar:/Users/niteshnidarshan/.m2/repository/org/junit/platform/junit-platform-commons/1.1.0/junit-platform-commons-1.1.0.jar:/Users/niteshnidarshan/.m2/repository/org/mongodb/mongodb-driver-sync/3.9.1/mongodb-driver-sync-3.9.1.jar:/Users/niteshnidarshan/.m2/repository/org/mongodb/bson/3.9.1/bson-3.9.1.jar:/Users/niteshnidarshan/.m2/repository/org/mongodb/mongodb-driver-core/3.9.1/mongodb-driver-core-3.9.1.jar:"/>
    <property name="sun.cpu.endian" value="little"/>
    <property name="user.home" value="/Users/niteshnidarshan"/>
    <property name="user.language" value="en"/>
    <property name="java.specification.vendor" value="Oracle Corporation"/>
    <property name="java.version.date" value="2020-04-14"/>
    <property name="java.home" value="/usr/local/Cellar/openjdk/14.0.1/libexec/openjdk.jdk/Contents/Home"/>
    <property name="file.separator" value="/"/>
    <property name="basedir" value="/Users/niteshnidarshan/git_repository/mongo_java/mflix-java/mflix"/>
    <property name="java.vm.compressedOopsMode" value="Zero based"/>
    <property name="line.separator" value="&#10;"/>
    <property name="java.specification.name" value="Java Platform API Specification"/>
    <property name="java.vm.specification.vendor" value="Oracle Corporation"/>
    <property name="surefire.real.class.path" value="/Users/niteshnidarshan/git_repository/mongo_java/mflix-java/mflix/target/surefire/surefirebooter12051265126903296304.jar"/>
    <property name="sun.management.compiler" value="HotSpot 64-Bit Tiered Compilers"/>
    <property name="ftp.nonProxyHosts" value="local|*.local|169.254/16|*.169.254/16"/>
    <property name="java.runtime.version" value="14.0.1+14"/>
    <property name="user.name" value="niteshnidarshan"/>
    <property name="path.separator" value=":"/>
    <property name="os.version" value="10.15"/>
    <property name="java.runtime.name" value="OpenJDK Runtime Environment"/>
    <property name="file.encoding" value="UTF-8"/>
    <property name="java.vm.name" value="OpenJDK 64-Bit Server VM"/>
    <property name="localRepository" value="/Users/niteshnidarshan/.m2/repository"/>
    <property name="java.vendor.url.bug" value="https://bugreport.java.com/bugreport/"/>
    <property name="java.io.tmpdir" value="/var/folders/jl/lzl899hs2vv7lqsg6pcjfwmr0000gn/T/"/>
    <property name="java.version" value="14.0.1"/>
    <property name="user.dir" value="/Users/niteshnidarshan/git_repository/mongo_java/mflix-java/mflix"/>
    <property name="os.arch" value="x86_64"/>
    <property name="java.vm.specification.name" value="Java Virtual Machine Specification"/>
    <property name="java.library.path" value="/Users/niteshnidarshan/Library/Java/Extensions:/Library/Java/Extensions:/Network/Library/Java/Extensions:/System/Library/Java/Extensions:/usr/lib/java:."/>
    <property name="java.vm.info" value="mixed mode, sharing"/>
    <property name="java.vendor" value="N/A"/>
    <property name="java.vm.version" value="14.0.1+14"/>
    <property name="sun.io.unicode.encoding" value="UnicodeBig"/>
    <property name="socksNonProxyHosts" value="local|*.local|169.254/16|*.169.254/16"/>
    <property name="java.class.version" value="58.0"/>
  </properties>
  <testcase name="testWatchAllUpdates" classname="mflix.lessons.ChangeStreams" time="5.009">
    <error message="Command failed with error 8000 (AtlasError): &apos;user is not allowed to do action [find] on [sample_mflix.comments]&apos; on server cluster0-shard-00-02.zdcig.mongodb.net:27017. The full response is { &quot;ok&quot; : 0, &quot;errmsg&quot; : &quot;user is not allowed to do action [find] on [sample_mflix.comments]&quot;, &quot;code&quot; : 8000, &quot;codeName&quot; : &quot;AtlasError&quot; }" type="com.mongodb.MongoCommandException">com.mongodb.MongoCommandException: Command failed with error 8000 (AtlasError): 'user is not allowed to do action [find] on [sample_mflix.comments]' on server cluster0-shard-00-02.zdcig.mongodb.net:27017. The full response is { "ok" : 0, "errmsg" : "user is not allowed to do action [find] on [sample_mflix.comments]", "code" : 8000, "codeName" : "AtlasError" }
	at mflix.lessons.ChangeStreams.testWatchAllUpdates(ChangeStreams.java:190)
</error>
    <system-err><![CDATA[Exception in thread "Thread-0" com.mongodb.MongoCommandException: Command failed with error 8000 (AtlasError): 'user is not allowed to do action [insert] on [sample_mflix.comments]' on server cluster0-shard-00-02.zdcig.mongodb.net:27017. The full response is { "ok" : 0, "errmsg" : "user is not allowed to do action [insert] on [sample_mflix.comments]", "code" : 8000, "codeName" : "AtlasError" }
	at com.mongodb.internal.connection.ProtocolHelper.getCommandFailureException(ProtocolHelper.java:179)
	at com.mongodb.internal.connection.InternalStreamConnection.receiveCommandMessageResponse(InternalStreamConnection.java:299)
	at com.mongodb.internal.connection.InternalStreamConnection.sendAndReceive(InternalStreamConnection.java:255)
	at com.mongodb.internal.connection.UsageTrackingInternalConnection.sendAndReceive(UsageTrackingInternalConnection.java:99)
	at com.mongodb.internal.connection.DefaultConnectionPool$PooledConnection.sendAndReceive(DefaultConnectionPool.java:444)
	at com.mongodb.internal.connection.CommandProtocolImpl.execute(CommandProtocolImpl.java:72)
	at com.mongodb.internal.connection.DefaultServer$DefaultServerProtocolExecutor.execute(DefaultServer.java:200)
	at com.mongodb.internal.connection.DefaultServerConnection.executeProtocol(DefaultServerConnection.java:269)
	at com.mongodb.internal.connection.DefaultServerConnection.command(DefaultServerConnection.java:131)
	at com.mongodb.operation.MixedBulkWriteOperation.executeCommand(MixedBulkWriteOperation.java:419)
	at com.mongodb.operation.MixedBulkWriteOperation.executeBulkWriteBatch(MixedBulkWriteOperation.java:257)
	at com.mongodb.operation.MixedBulkWriteOperation.access$700(MixedBulkWriteOperation.java:68)
	at com.mongodb.operation.MixedBulkWriteOperation$1.call(MixedBulkWriteOperation.java:201)
	at com.mongodb.operation.MixedBulkWriteOperation$1.call(MixedBulkWriteOperation.java:192)
	at com.mongodb.operation.OperationHelper.withReleasableConnection(OperationHelper.java:424)
	at com.mongodb.operation.MixedBulkWriteOperation.execute(MixedBulkWriteOperation.java:192)
	at com.mongodb.operation.MixedBulkWriteOperation.execute(MixedBulkWriteOperation.java:67)
	at com.mongodb.client.internal.MongoClientDelegate$DelegateOperationExecutor.execute(MongoClientDelegate.java:193)
	at com.mongodb.client.internal.MongoCollectionImpl.executeSingleWriteRequest(MongoCollectionImpl.java:960)
	at com.mongodb.client.internal.MongoCollectionImpl.executeInsertOne(MongoCollectionImpl.java:494)
	at com.mongodb.client.internal.MongoCollectionImpl.insertOne(MongoCollectionImpl.java:478)
	at com.mongodb.client.internal.MongoCollectionImpl.insertOne(MongoCollectionImpl.java:472)
	at mflix.lessons.utils.ChangeStreamsInsertAndUpdate.insertAndUpdate(ChangeStreamsInsertAndUpdate.java:28)
	at mflix.lessons.utils.ChangeStreamsInsertAndUpdate.run(ChangeStreamsInsertAndUpdate.java:18)
	at java.base/java.lang.Thread.run(Thread.java:832)
]]></system-err>
  </testcase>
  <testcase name="testWatchAllUpdates" classname="mflix.lessons.ChangeStreams" time="5.01">
    <error message="Command failed with error 8000 (AtlasError): &apos;user is not allowed to do action [remove] on [sample_mflix.comments]&apos; on server cluster0-shard-00-02.zdcig.mongodb.net:27017. The full response is { &quot;ok&quot; : 0, &quot;errmsg&quot; : &quot;user is not allowed to do action [remove] on [sample_mflix.comments]&quot;, &quot;code&quot; : 8000, &quot;codeName&quot; : &quot;AtlasError&quot; }" type="com.mongodb.MongoCommandException">com.mongodb.MongoCommandException: Command failed with error 8000 (AtlasError): 'user is not allowed to do action [remove] on [sample_mflix.comments]' on server cluster0-shard-00-02.zdcig.mongodb.net:27017. The full response is { "ok" : 0, "errmsg" : "user is not allowed to do action [remove] on [sample_mflix.comments]", "code" : 8000, "codeName" : "AtlasError" }
	at mflix.lessons.ChangeStreams.tearDown(ChangeStreams.java:261)
</error>
  </testcase>
  <testcase name="testWatchAllEvenInserts" classname="mflix.lessons.ChangeStreams" time="3.866">
    <error message="Command failed with error 8000 (AtlasError): &apos;user is not allowed to do action [find] on [sample_mflix.comments]&apos; on server cluster0-shard-00-02.zdcig.mongodb.net:27017. The full response is { &quot;ok&quot; : 0, &quot;errmsg&quot; : &quot;user is not allowed to do action [find] on [sample_mflix.comments]&quot;, &quot;code&quot; : 8000, &quot;codeName&quot; : &quot;AtlasError&quot; }" type="com.mongodb.MongoCommandException">com.mongodb.MongoCommandException: Command failed with error 8000 (AtlasError): 'user is not allowed to do action [find] on [sample_mflix.comments]' on server cluster0-shard-00-02.zdcig.mongodb.net:27017. The full response is { "ok" : 0, "errmsg" : "user is not allowed to do action [find] on [sample_mflix.comments]", "code" : 8000, "codeName" : "AtlasError" }
	at mflix.lessons.ChangeStreams.testWatchAllEvenInserts(ChangeStreams.java:151)
</error>
    <system-err><![CDATA[Exception in thread "Thread-1" com.mongodb.MongoCommandException: Command failed with error 8000 (AtlasError): 'user is not allowed to do action [insert] on [sample_mflix.comments]' on server cluster0-shard-00-02.zdcig.mongodb.net:27017. The full response is { "ok" : 0, "errmsg" : "user is not allowed to do action [insert] on [sample_mflix.comments]", "code" : 8000, "codeName" : "AtlasError" }
	at com.mongodb.internal.connection.ProtocolHelper.getCommandFailureException(ProtocolHelper.java:179)
	at com.mongodb.internal.connection.InternalStreamConnection.receiveCommandMessageResponse(InternalStreamConnection.java:299)
	at com.mongodb.internal.connection.InternalStreamConnection.sendAndReceive(InternalStreamConnection.java:255)
	at com.mongodb.internal.connection.UsageTrackingInternalConnection.sendAndReceive(UsageTrackingInternalConnection.java:99)
	at com.mongodb.internal.connection.DefaultConnectionPool$PooledConnection.sendAndReceive(DefaultConnectionPool.java:444)
	at com.mongodb.internal.connection.CommandProtocolImpl.execute(CommandProtocolImpl.java:72)
	at com.mongodb.internal.connection.DefaultServer$DefaultServerProtocolExecutor.execute(DefaultServer.java:200)
	at com.mongodb.internal.connection.DefaultServerConnection.executeProtocol(DefaultServerConnection.java:269)
	at com.mongodb.internal.connection.DefaultServerConnection.command(DefaultServerConnection.java:131)
	at com.mongodb.operation.MixedBulkWriteOperation.executeCommand(MixedBulkWriteOperation.java:419)
	at com.mongodb.operation.MixedBulkWriteOperation.executeBulkWriteBatch(MixedBulkWriteOperation.java:257)
	at com.mongodb.operation.MixedBulkWriteOperation.access$700(MixedBulkWriteOperation.java:68)
	at com.mongodb.operation.MixedBulkWriteOperation$1.call(MixedBulkWriteOperation.java:201)
	at com.mongodb.operation.MixedBulkWriteOperation$1.call(MixedBulkWriteOperation.java:192)
	at com.mongodb.operation.OperationHelper.withReleasableConnection(OperationHelper.java:424)
	at com.mongodb.operation.MixedBulkWriteOperation.execute(MixedBulkWriteOperation.java:192)
	at com.mongodb.operation.MixedBulkWriteOperation.execute(MixedBulkWriteOperation.java:67)
	at com.mongodb.client.internal.MongoClientDelegate$DelegateOperationExecutor.execute(MongoClientDelegate.java:193)
	at com.mongodb.client.internal.MongoCollectionImpl.executeSingleWriteRequest(MongoCollectionImpl.java:960)
	at com.mongodb.client.internal.MongoCollectionImpl.executeInsertOne(MongoCollectionImpl.java:494)
	at com.mongodb.client.internal.MongoCollectionImpl.insertOne(MongoCollectionImpl.java:478)
	at com.mongodb.client.internal.MongoCollectionImpl.insertOne(MongoCollectionImpl.java:472)
	at mflix.lessons.utils.ChangeStreamsInsertAndUpdate.insertAndUpdate(ChangeStreamsInsertAndUpdate.java:28)
	at mflix.lessons.utils.ChangeStreamsInsertAndUpdate.run(ChangeStreamsInsertAndUpdate.java:18)
	at java.base/java.lang.Thread.run(Thread.java:832)
]]></system-err>
  </testcase>
  <testcase name="testWatchAllEvenInserts" classname="mflix.lessons.ChangeStreams" time="3.867">
    <error message="Command failed with error 8000 (AtlasError): &apos;user is not allowed to do action [remove] on [sample_mflix.comments]&apos; on server cluster0-shard-00-02.zdcig.mongodb.net:27017. The full response is { &quot;ok&quot; : 0, &quot;errmsg&quot; : &quot;user is not allowed to do action [remove] on [sample_mflix.comments]&quot;, &quot;code&quot; : 8000, &quot;codeName&quot; : &quot;AtlasError&quot; }" type="com.mongodb.MongoCommandException">com.mongodb.MongoCommandException: Command failed with error 8000 (AtlasError): 'user is not allowed to do action [remove] on [sample_mflix.comments]' on server cluster0-shard-00-02.zdcig.mongodb.net:27017. The full response is { "ok" : 0, "errmsg" : "user is not allowed to do action [remove] on [sample_mflix.comments]", "code" : 8000, "codeName" : "AtlasError" }
	at mflix.lessons.ChangeStreams.tearDown(ChangeStreams.java:261)
</error>
  </testcase>
  <testcase name="testWatchFieldUpdates" classname="mflix.lessons.ChangeStreams" time="3.616">
    <error message="Command failed with error 8000 (AtlasError): &apos;user is not allowed to do action [find] on [sample_mflix.comments]&apos; on server cluster0-shard-00-02.zdcig.mongodb.net:27017. The full response is { &quot;ok&quot; : 0, &quot;errmsg&quot; : &quot;user is not allowed to do action [find] on [sample_mflix.comments]&quot;, &quot;code&quot; : 8000, &quot;codeName&quot; : &quot;AtlasError&quot; }" type="com.mongodb.MongoCommandException">com.mongodb.MongoCommandException: Command failed with error 8000 (AtlasError): 'user is not allowed to do action [find] on [sample_mflix.comments]' on server cluster0-shard-00-02.zdcig.mongodb.net:27017. The full response is { "ok" : 0, "errmsg" : "user is not allowed to do action [find] on [sample_mflix.comments]", "code" : 8000, "codeName" : "AtlasError" }
	at mflix.lessons.ChangeStreams.testWatchFieldUpdates(ChangeStreams.java:232)
</error>
    <system-err><![CDATA[Exception in thread "Thread-2" com.mongodb.MongoCommandException: Command failed with error 8000 (AtlasError): 'user is not allowed to do action [insert] on [sample_mflix.comments]' on server cluster0-shard-00-02.zdcig.mongodb.net:27017. The full response is { "ok" : 0, "errmsg" : "user is not allowed to do action [insert] on [sample_mflix.comments]", "code" : 8000, "codeName" : "AtlasError" }
	at com.mongodb.internal.connection.ProtocolHelper.getCommandFailureException(ProtocolHelper.java:179)
	at com.mongodb.internal.connection.InternalStreamConnection.receiveCommandMessageResponse(InternalStreamConnection.java:299)
	at com.mongodb.internal.connection.InternalStreamConnection.sendAndReceive(InternalStreamConnection.java:255)
	at com.mongodb.internal.connection.UsageTrackingInternalConnection.sendAndReceive(UsageTrackingInternalConnection.java:99)
	at com.mongodb.internal.connection.DefaultConnectionPool$PooledConnection.sendAndReceive(DefaultConnectionPool.java:444)
	at com.mongodb.internal.connection.CommandProtocolImpl.execute(CommandProtocolImpl.java:72)
	at com.mongodb.internal.connection.DefaultServer$DefaultServerProtocolExecutor.execute(DefaultServer.java:200)
	at com.mongodb.internal.connection.DefaultServerConnection.executeProtocol(DefaultServerConnection.java:269)
	at com.mongodb.internal.connection.DefaultServerConnection.command(DefaultServerConnection.java:131)
	at com.mongodb.operation.MixedBulkWriteOperation.executeCommand(MixedBulkWriteOperation.java:419)
	at com.mongodb.operation.MixedBulkWriteOperation.executeBulkWriteBatch(MixedBulkWriteOperation.java:257)
	at com.mongodb.operation.MixedBulkWriteOperation.access$700(MixedBulkWriteOperation.java:68)
	at com.mongodb.operation.MixedBulkWriteOperation$1.call(MixedBulkWriteOperation.java:201)
	at com.mongodb.operation.MixedBulkWriteOperation$1.call(MixedBulkWriteOperation.java:192)
	at com.mongodb.operation.OperationHelper.withReleasableConnection(OperationHelper.java:424)
	at com.mongodb.operation.MixedBulkWriteOperation.execute(MixedBulkWriteOperation.java:192)
	at com.mongodb.operation.MixedBulkWriteOperation.execute(MixedBulkWriteOperation.java:67)
	at com.mongodb.client.internal.MongoClientDelegate$DelegateOperationExecutor.execute(MongoClientDelegate.java:193)
	at com.mongodb.client.internal.MongoCollectionImpl.executeSingleWriteRequest(MongoCollectionImpl.java:960)
	at com.mongodb.client.internal.MongoCollectionImpl.executeInsertOne(MongoCollectionImpl.java:494)
	at com.mongodb.client.internal.MongoCollectionImpl.insertOne(MongoCollectionImpl.java:478)
	at com.mongodb.client.internal.MongoCollectionImpl.insertOne(MongoCollectionImpl.java:472)
	at mflix.lessons.utils.ChangeStreamsInsertAndUpdate.insertAndUpdate(ChangeStreamsInsertAndUpdate.java:28)
	at mflix.lessons.utils.ChangeStreamsInsertAndUpdate.run(ChangeStreamsInsertAndUpdate.java:18)
	at java.base/java.lang.Thread.run(Thread.java:832)
]]></system-err>
  </testcase>
  <testcase name="testWatchFieldUpdates" classname="mflix.lessons.ChangeStreams" time="3.617">
    <error message="Command failed with error 8000 (AtlasError): &apos;user is not allowed to do action [remove] on [sample_mflix.comments]&apos; on server cluster0-shard-00-02.zdcig.mongodb.net:27017. The full response is { &quot;ok&quot; : 0, &quot;errmsg&quot; : &quot;user is not allowed to do action [remove] on [sample_mflix.comments]&quot;, &quot;code&quot; : 8000, &quot;codeName&quot; : &quot;AtlasError&quot; }" type="com.mongodb.MongoCommandException">com.mongodb.MongoCommandException: Command failed with error 8000 (AtlasError): 'user is not allowed to do action [remove] on [sample_mflix.comments]' on server cluster0-shard-00-02.zdcig.mongodb.net:27017. The full response is { "ok" : 0, "errmsg" : "user is not allowed to do action [remove] on [sample_mflix.comments]", "code" : 8000, "codeName" : "AtlasError" }
	at mflix.lessons.ChangeStreams.tearDown(ChangeStreams.java:261)
</error>
  </testcase>
  <testcase name="testWhatchAllInserts" classname="mflix.lessons.ChangeStreams" time="3.608">
    <error message="Command failed with error 8000 (AtlasError): &apos;user is not allowed to do action [find] on [sample_mflix.comments]&apos; on server cluster0-shard-00-02.zdcig.mongodb.net:27017. The full response is { &quot;ok&quot; : 0, &quot;errmsg&quot; : &quot;user is not allowed to do action [find] on [sample_mflix.comments]&quot;, &quot;code&quot; : 8000, &quot;codeName&quot; : &quot;AtlasError&quot; }" type="com.mongodb.MongoCommandException">com.mongodb.MongoCommandException: Command failed with error 8000 (AtlasError): 'user is not allowed to do action [find] on [sample_mflix.comments]' on server cluster0-shard-00-02.zdcig.mongodb.net:27017. The full response is { "ok" : 0, "errmsg" : "user is not allowed to do action [find] on [sample_mflix.comments]", "code" : 8000, "codeName" : "AtlasError" }
	at mflix.lessons.ChangeStreams.testWhatchAllInserts(ChangeStreams.java:96)
</error>
    <system-err><![CDATA[Exception in thread "Thread-3" com.mongodb.MongoCommandException: Command failed with error 8000 (AtlasError): 'user is not allowed to do action [insert] on [sample_mflix.comments]' on server cluster0-shard-00-02.zdcig.mongodb.net:27017. The full response is { "ok" : 0, "errmsg" : "user is not allowed to do action [insert] on [sample_mflix.comments]", "code" : 8000, "codeName" : "AtlasError" }
	at com.mongodb.internal.connection.ProtocolHelper.getCommandFailureException(ProtocolHelper.java:179)
	at com.mongodb.internal.connection.InternalStreamConnection.receiveCommandMessageResponse(InternalStreamConnection.java:299)
	at com.mongodb.internal.connection.InternalStreamConnection.sendAndReceive(InternalStreamConnection.java:255)
	at com.mongodb.internal.connection.UsageTrackingInternalConnection.sendAndReceive(UsageTrackingInternalConnection.java:99)
	at com.mongodb.internal.connection.DefaultConnectionPool$PooledConnection.sendAndReceive(DefaultConnectionPool.java:444)
	at com.mongodb.internal.connection.CommandProtocolImpl.execute(CommandProtocolImpl.java:72)
	at com.mongodb.internal.connection.DefaultServer$DefaultServerProtocolExecutor.execute(DefaultServer.java:200)
	at com.mongodb.internal.connection.DefaultServerConnection.executeProtocol(DefaultServerConnection.java:269)
	at com.mongodb.internal.connection.DefaultServerConnection.command(DefaultServerConnection.java:131)
	at com.mongodb.operation.MixedBulkWriteOperation.executeCommand(MixedBulkWriteOperation.java:419)
	at com.mongodb.operation.MixedBulkWriteOperation.executeBulkWriteBatch(MixedBulkWriteOperation.java:257)
	at com.mongodb.operation.MixedBulkWriteOperation.access$700(MixedBulkWriteOperation.java:68)
	at com.mongodb.operation.MixedBulkWriteOperation$1.call(MixedBulkWriteOperation.java:201)
	at com.mongodb.operation.MixedBulkWriteOperation$1.call(MixedBulkWriteOperation.java:192)
	at com.mongodb.operation.OperationHelper.withReleasableConnection(OperationHelper.java:424)
	at com.mongodb.operation.MixedBulkWriteOperation.execute(MixedBulkWriteOperation.java:192)
	at com.mongodb.operation.MixedBulkWriteOperation.execute(MixedBulkWriteOperation.java:67)
	at com.mongodb.client.internal.MongoClientDelegate$DelegateOperationExecutor.execute(MongoClientDelegate.java:193)
	at com.mongodb.client.internal.MongoCollectionImpl.executeSingleWriteRequest(MongoCollectionImpl.java:960)
	at com.mongodb.client.internal.MongoCollectionImpl.executeInsertOne(MongoCollectionImpl.java:494)
	at com.mongodb.client.internal.MongoCollectionImpl.insertOne(MongoCollectionImpl.java:478)
	at com.mongodb.client.internal.MongoCollectionImpl.insertOne(MongoCollectionImpl.java:472)
	at mflix.lessons.utils.ChangeStreamsInsertAndUpdate.insertAndUpdate(ChangeStreamsInsertAndUpdate.java:28)
	at mflix.lessons.utils.ChangeStreamsInsertAndUpdate.run(ChangeStreamsInsertAndUpdate.java:18)
	at java.base/java.lang.Thread.run(Thread.java:832)
]]></system-err>
  </testcase>
  <testcase name="testWhatchAllInserts" classname="mflix.lessons.ChangeStreams" time="3.609">
    <error message="Command failed with error 8000 (AtlasError): &apos;user is not allowed to do action [remove] on [sample_mflix.comments]&apos; on server cluster0-shard-00-02.zdcig.mongodb.net:27017. The full response is { &quot;ok&quot; : 0, &quot;errmsg&quot; : &quot;user is not allowed to do action [remove] on [sample_mflix.comments]&quot;, &quot;code&quot; : 8000, &quot;codeName&quot; : &quot;AtlasError&quot; }" type="com.mongodb.MongoCommandException">com.mongodb.MongoCommandException: Command failed with error 8000 (AtlasError): 'user is not allowed to do action [remove] on [sample_mflix.comments]' on server cluster0-shard-00-02.zdcig.mongodb.net:27017. The full response is { "ok" : 0, "errmsg" : "user is not allowed to do action [remove] on [sample_mflix.comments]", "code" : 8000, "codeName" : "AtlasError" }
	at mflix.lessons.ChangeStreams.tearDown(ChangeStreams.java:261)
</error>
  </testcase>
</testsuite>